<?xml version="1.0" encoding="UTF-8"?>
<Site BuildName="(empty)"
	BuildStamp="20240427-1525-Experimental"
	Name="lemon-VirtualBox"
	Generator="ctest-3.16.3"
	CompilerName="/usr/bin/c++"
	CompilerVersion="9.4.0"
	OSName="Linux"
	Hostname="lemon-VirtualBox"
	OSRelease="5.15.0-105-generic"
	OSVersion="#115~20.04.1-Ubuntu SMP Mon Apr 15 17:33:04 UTC 2024"
	OSPlatform="x86_64"
	Is64Bits="1"
	VendorString="GenuineIntel"
	VendorID="Intel Corporation"
	FamilyID="6"
	ModelID="158"
	ProcessorCacheSize="6144"
	NumberOfLogicalCPU="4"
	NumberOfPhysicalCPU="4"
	TotalVirtualMemory="1162"
	TotalPhysicalMemory="7053"
	LogicalProcessorsPerPhysical="1"
	ProcessorClockFrequency="3000"
	>
	<Testing>
		<StartDateTime>Apr 27 23:25 CST</StartDateTime>
		<StartTestTime>1714231505</StartTestTime>
		<TestList/>
		<EndDateTime>Apr 27 23:25 CST</EndDateTime>
		<EndTestTime>1714231505</EndTestTime>
		<ElapsedMinutes>0</ElapsedMinutes>
	</Testing>
</Site>
